<?xml version="1.0" encoding="UTF-8"?>
<!-- Generated by org.testng.reporters.JUnitXMLReporter -->
<testsuite ignored="0" hostname="LAPTOP-DJ41I2V2" failures="0" tests="5" name="Test" time="23.073" errors="0" timestamp="2020-11-07T08:50:15 IST">
  <testcase classname="com.tests.TestNG" name="getDriver" time="5.192"/>
  <testcase classname="com.tests.TestNG" name="getGoogleSignIn" time="9.394"/>
  <testcase classname="com.tests.TestNG" name="getPopularUsedCars" time="2.65"/>
  <testcase classname="com.tests.TestNG" name="getUpcomingBikes" time="4.231"/>
  <testcase classname="com.tests.TestNG" name="closeApplication" time="1.55"/>
</testsuite> <!-- Test -->
