<?xml version="1.0" encoding="UTF-8"?>
<testng-results ignored="0" total="5" passed="5" failed="0" skipped="0">
  <reporter-output>
  </reporter-output>
  <suite started-at="2020-11-07T08:49:16 IST" name="Surefire suite" finished-at="2020-11-07T08:49:40 IST" duration-ms="24142">
    <groups>
    </groups>
    <test started-at="2020-11-07T08:49:16 IST" name="Surefire test" finished-at="2020-11-07T08:49:40 IST" duration-ms="24142">
      <class name="com.tests.TestNG">
        <test-method signature="getDriver()[pri:0, instance:com.tests.TestNG@55b7a4e0]" started-at="2020-11-07T08:49:16 IST" name="getDriver" finished-at="2020-11-07T08:49:21 IST" duration-ms="5223" status="PASS">
          <reporter-output>
          </reporter-output>
        </test-method> <!-- getDriver -->
        <test-method signature="getGoogleSignIn()[pri:0, instance:com.tests.TestNG@55b7a4e0]" started-at="2020-11-07T08:49:21 IST" name="getGoogleSignIn" finished-at="2020-11-07T08:49:30 IST" depends-on-methods="com.tests.TestNG.getDriver" duration-ms="9252" status="PASS">
          <reporter-output>
          </reporter-output>
        </test-method> <!-- getGoogleSignIn -->
        <test-method signature="getPopularUsedCars()[pri:0, instance:com.tests.TestNG@55b7a4e0]" started-at="2020-11-07T08:49:30 IST" name="getPopularUsedCars" finished-at="2020-11-07T08:49:34 IST" depends-on-methods="com.tests.TestNG.getGoogleSignIn" duration-ms="3197" status="PASS">
          <reporter-output>
          </reporter-output>
        </test-method> <!-- getPopularUsedCars -->
        <test-method signature="getUpcomingBikes()[pri:0, instance:com.tests.TestNG@55b7a4e0]" started-at="2020-11-07T08:49:34 IST" name="getUpcomingBikes" finished-at="2020-11-07T08:49:38 IST" depends-on-methods="com.tests.TestNG.getPopularUsedCars" duration-ms="4746" status="PASS">
          <reporter-output>
          </reporter-output>
        </test-method> <!-- getUpcomingBikes -->
        <test-method signature="closeApplication()[pri:0, instance:com.tests.TestNG@55b7a4e0]" started-at="2020-11-07T08:49:38 IST" name="closeApplication" finished-at="2020-11-07T08:49:40 IST" depends-on-methods="com.tests.TestNG.getUpcomingBikes" duration-ms="1666" status="PASS">
          <reporter-output>
          </reporter-output>
        </test-method> <!-- closeApplication -->
      </class> <!-- com.tests.TestNG -->
    </test> <!-- Surefire test -->
  </suite> <!-- Surefire suite -->
</testng-results>
