<?xml version="1.0" encoding="UTF-8"?>
<!-- Generated by org.testng.reporters.JUnitXMLReporter -->
<testsuite ignored="0" hostname="LAPTOP-DJ41I2V2" failures="0" tests="5" name="Surefire test" time="24.142" errors="0" timestamp="2020-11-07T08:49:40 IST">
  <testcase classname="com.tests.TestNG" name="getDriver" time="5.223"/>
  <testcase classname="com.tests.TestNG" name="getGoogleSignIn" time="9.252"/>
  <testcase classname="com.tests.TestNG" name="getPopularUsedCars" time="3.197"/>
  <testcase classname="com.tests.TestNG" name="getUpcomingBikes" time="4.746"/>
  <testcase classname="com.tests.TestNG" name="closeApplication" time="1.666"/>
</testsuite> <!-- Surefire test -->
