<?xml version="1.0" encoding="UTF-8"?>
<testng-results ignored="0" total="5" passed="5" failed="0" skipped="0">
  <reporter-output>
  </reporter-output>
  <suite started-at="2020-11-07T08:49:52 IST" name="Suite" finished-at="2020-11-07T08:50:15 IST" duration-ms="23073">
    <groups>
    </groups>
    <test started-at="2020-11-07T08:49:52 IST" name="Test" finished-at="2020-11-07T08:50:15 IST" duration-ms="23073">
      <class name="com.tests.TestNG">
        <test-method signature="getDriver()[pri:0, instance:com.tests.TestNG@f79e]" started-at="2020-11-07T08:49:52 IST" name="getDriver" finished-at="2020-11-07T08:49:57 IST" duration-ms="5192" status="PASS">
          <reporter-output>
          </reporter-output>
        </test-method> <!-- getDriver -->
        <test-method signature="getGoogleSignIn()[pri:0, instance:com.tests.TestNG@f79e]" started-at="2020-11-07T08:49:57 IST" name="getGoogleSignIn" finished-at="2020-11-07T08:50:07 IST" depends-on-methods="com.tests.TestNG.getDriver" duration-ms="9394" status="PASS">
          <reporter-output>
          </reporter-output>
        </test-method> <!-- getGoogleSignIn -->
        <test-method signature="getPopularUsedCars()[pri:0, instance:com.tests.TestNG@f79e]" started-at="2020-11-07T08:50:07 IST" name="getPopularUsedCars" finished-at="2020-11-07T08:50:10 IST" depends-on-methods="com.tests.TestNG.getGoogleSignIn" duration-ms="2650" status="PASS">
          <reporter-output>
          </reporter-output>
        </test-method> <!-- getPopularUsedCars -->
        <test-method signature="getUpcomingBikes()[pri:0, instance:com.tests.TestNG@f79e]" started-at="2020-11-07T08:50:10 IST" name="getUpcomingBikes" finished-at="2020-11-07T08:50:14 IST" depends-on-methods="com.tests.TestNG.getPopularUsedCars" duration-ms="4231" status="PASS">
          <reporter-output>
          </reporter-output>
        </test-method> <!-- getUpcomingBikes -->
        <test-method signature="closeApplication()[pri:0, instance:com.tests.TestNG@f79e]" started-at="2020-11-07T08:50:14 IST" name="closeApplication" finished-at="2020-11-07T08:50:15 IST" depends-on-methods="com.tests.TestNG.getUpcomingBikes" duration-ms="1550" status="PASS">
          <reporter-output>
          </reporter-output>
        </test-method> <!-- closeApplication -->
      </class> <!-- com.tests.TestNG -->
    </test> <!-- Test -->
  </suite> <!-- Suite -->
</testng-results>
